\BOOKMARK [0][-]{section*.2}{\376\377\000A\000b\000b\000i\000l\000d\000u\000n\000g\000s\000v\000e\000r\000z\000e\000i\000c\000h\000n\000i\000s}{}% 1
\BOOKMARK [0][-]{section*.4}{\376\377\000T\000a\000b\000e\000l\000l\000e\000n\000v\000e\000r\000z\000e\000i\000c\000h\000n\000i\000s}{}% 2
\BOOKMARK [0][-]{chapter*.7}{\376\377\000L\000i\000s\000t\000i\000n\000g\000v\000e\000r\000z\000e\000i\000c\000h\000n\000i\000s}{}% 3
\BOOKMARK [0][-]{chapter.1}{\376\377\000E\000i\000n\000l\000e\000i\000t\000u\000n\000g}{}% 4
\BOOKMARK [0][-]{chapter.2}{\376\377\000E\000r\000m\000i\000t\000t\000l\000u\000n\000g\000\040\000d\000e\000r\000\040\000S\000e\000n\000s\000o\000r\000k\000e\000n\000n\000l\000i\000n\000i\000e}{}% 5
\BOOKMARK [1][-]{section.2.1}{\376\377\000F\000r\000a\000g\000e\000s\000t\000e\000l\000l\000u\000n\000g\000,\000\040\000M\000e\000s\000s\000p\000r\000i\000n\000z\000i\000p\000,\000\040\000A\000u\000f\000b\000a\000u\000,\000\040\000M\000e\000s\000s\000m\000i\000t\000t\000e\000l}{chapter.2}% 6
\BOOKMARK [1][-]{section.2.2}{\376\377\000M\000e\000s\000s\000w\000e\000r\000t\000e}{chapter.2}% 7
\BOOKMARK [1][-]{section.2.3}{\376\377\000A\000u\000s\000w\000e\000r\000t\000u\000n\000g\000\040\000u\000n\000d\000\040\000I\000n\000t\000e\000r\000p\000r\000e\000t\000a\000t\000i\000o\000n}{chapter.2}% 8
\BOOKMARK [0][-]{chapter.3}{\376\377\000L\000i\000n\000e\000a\000r\000e\000\040\000R\000e\000g\000r\000e\000s\000s\000i\000o\000n}{}% 9
\BOOKMARK [1][-]{section.3.1}{\376\377\000F\000r\000a\000g\000e\000s\000t\000e\000l\000l\000u\000n\000g\000,\000\040\000M\000e\000s\000s\000p\000r\000i\000n\000z\000i\000p\000,\000\040\000A\000u\000f\000b\000a\000u\000,\000\040\000M\000e\000s\000s\000m\000i\000t\000t\000e\000l}{chapter.3}% 10
\BOOKMARK [1][-]{section.3.2}{\376\377\000M\000e\000s\000s\000w\000e\000r\000t\000e}{chapter.3}% 11
\BOOKMARK [1][-]{section.3.3}{\376\377\000A\000u\000s\000w\000e\000r\000t\000u\000n\000g\000\040\000u\000n\000d\000\040\000I\000n\000t\000e\000r\000p\000r\000e\000t\000a\000t\000i\000o\000n}{chapter.3}% 12
\BOOKMARK [0][-]{chapter.4}{\376\377\000B\000e\000r\000e\000c\000h\000n\000u\000n\000g\000\040\000d\000e\000r\000\040\000M\000a\000\337\000e\000\040\000u\000\040\000e\000i\000n\000e\000s\000\040\000D\000I\000N\000\040\000A\0004\000\040\000B\000l\000a\000t\000t\000e\000s}{}% 13
\BOOKMARK [1][-]{section.4.1}{\376\377\000F\000r\000a\000g\000e\000s\000t\000e\000l\000l\000u\000n\000g\000,\000\040\000M\000e\000s\000s\000p\000r\000i\000n\000z\000i\000p\000,\000\040\000A\000u\000f\000b\000a\000u\000,\000\040\000M\000e\000s\000s\000m\000i\000t\000t\000e\000l}{chapter.4}% 14
\BOOKMARK [1][-]{section.4.2}{\376\377\000M\000e\000s\000s\000w\000e\000r\000t\000e}{chapter.4}% 15
\BOOKMARK [1][-]{section.4.3}{\376\377\000A\000u\000s\000w\000e\000r\000t\000u\000n\000g\000\040\000u\000n\000d\000\040\000I\000n\000t\000e\000r\000p\000r\000e\000t\000a\000t\000i\000o\000n}{chapter.4}% 16
\BOOKMARK [0][-]{chapter*.16}{\376\377\000A\000n\000h\000a\000n\000g}{}% 17
\BOOKMARK [1][-]{section.5.1}{\376\377\000Q\000u\000e\000l\000l\000c\000o\000d\000e}{chapter*.16}% 18
\BOOKMARK [2][-]{subsection.5.1.1}{\376\377\000Q\000u\000e\000l\000l\000c\000o\000d\000e\000\040\000K\000a\000p\000i\000t\000e\000l\000\040\0001}{section.5.1}% 19
\BOOKMARK [2][-]{subsection.5.1.2}{\376\377\000Q\000u\000e\000l\000l\000c\000o\000d\000e\000\040\000z\000u\000\040\000K\000a\000p\000i\000t\000e\000l\000\040\0002}{section.5.1}% 20
\BOOKMARK [2][-]{subsection.5.1.3}{\376\377\000Q\000u\000e\000l\000l\000c\000o\000d\000e\000\040\000z\000u\000\040\000K\000a\000p\000i\000t\000e\000l\000\040\0003}{section.5.1}% 21
\BOOKMARK [1][-]{section.5.2}{\376\377\000M\000e\000s\000s\000e\000r\000g\000e\000b\000n\000i\000s\000s\000e}{chapter*.16}% 22
